\BOOKMARK [0][-]{chapter.1}{\376\377\0001\000\040\000C\000l\000a\000s\000s\000\040\000I\000n\000d\000e\000x}{}% 1
\BOOKMARK [1][-]{section.1.1}{\376\377\0001\000.\0001\000\040\000C\000l\000a\000s\000s\000\040\000L\000i\000s\000t}{chapter.1}% 2
\BOOKMARK [0][-]{chapter.2}{\376\377\0002\000\040\000F\000i\000l\000e\000\040\000I\000n\000d\000e\000x}{}% 3
\BOOKMARK [1][-]{section.2.1}{\376\377\0002\000.\0001\000\040\000F\000i\000l\000e\000\040\000L\000i\000s\000t}{chapter.2}% 4
\BOOKMARK [0][-]{chapter.3}{\376\377\0003\000\040\000C\000l\000a\000s\000s\000\040\000D\000o\000c\000u\000m\000e\000n\000t\000a\000t\000i\000o\000n}{}% 5
\BOOKMARK [1][-]{section.3.1}{\376\377\0003\000.\0001\000\040\000a\000d\000c\000\137\000c\000h\000a\000n\000\040\000S\000t\000r\000u\000c\000t\000\040\000R\000e\000f\000e\000r\000e\000n\000c\000e}{chapter.3}% 6
\BOOKMARK [2][-]{subsection.3.1.1}{\376\377\0003\000.\0001\000.\0001\000\040\000D\000e\000t\000a\000i\000l\000e\000d\000\040\000D\000e\000s\000c\000r\000i\000p\000t\000i\000o\000n}{section.3.1}% 7
\BOOKMARK [1][-]{section.3.2}{\376\377\0003\000.\0002\000\040\000a\000d\000c\000\137\000c\000t\000r\000l\000\137\000t\000\040\000S\000t\000r\000u\000c\000t\000\040\000R\000e\000f\000e\000r\000e\000n\000c\000e}{chapter.3}% 8
\BOOKMARK [2][-]{subsection.3.2.1}{\376\377\0003\000.\0002\000.\0001\000\040\000D\000e\000t\000a\000i\000l\000e\000d\000\040\000D\000e\000s\000c\000r\000i\000p\000t\000i\000o\000n}{section.3.2}% 9
\BOOKMARK [1][-]{section.3.3}{\376\377\0003\000.\0003\000\040\000a\000d\000c\000\137\000s\000e\000q\000X\000\137\000c\000t\000r\000l\000\040\000S\000t\000r\000u\000c\000t\000\040\000R\000e\000f\000e\000r\000e\000n\000c\000e}{chapter.3}% 10
\BOOKMARK [2][-]{subsection.3.3.1}{\376\377\0003\000.\0003\000.\0001\000\040\000D\000e\000t\000a\000i\000l\000e\000d\000\040\000D\000e\000s\000c\000r\000i\000p\000t\000i\000o\000n}{section.3.3}% 11
\BOOKMARK [1][-]{section.3.4}{\376\377\0003\000.\0004\000\040\000a\000d\000c\000\137\000s\000e\000q\000X\000\137\000g\000d\000a\000t\000\040\000S\000t\000r\000u\000c\000t\000\040\000R\000e\000f\000e\000r\000e\000n\000c\000e}{chapter.3}% 12
\BOOKMARK [2][-]{subsection.3.4.1}{\376\377\0003\000.\0004\000.\0001\000\040\000D\000e\000t\000a\000i\000l\000e\000d\000\040\000D\000e\000s\000c\000r\000i\000p\000t\000i\000o\000n}{section.3.4}% 13
\BOOKMARK [1][-]{section.3.5}{\376\377\0003\000.\0005\000\040\000a\000d\000c\000\137\000t\000h\000r\000\040\000S\000t\000r\000u\000c\000t\000\040\000R\000e\000f\000e\000r\000e\000n\000c\000e}{chapter.3}% 14
\BOOKMARK [2][-]{subsection.3.5.1}{\376\377\0003\000.\0005\000.\0001\000\040\000D\000e\000t\000a\000i\000l\000e\000d\000\040\000D\000e\000s\000c\000r\000i\000p\000t\000i\000o\000n}{section.3.5}% 15
\BOOKMARK [1][-]{section.3.6}{\376\377\0003\000.\0006\000\040\000d\000a\000c\000\137\000c\000n\000t\000v\000a\000l\000\137\000t\000\040\000S\000t\000r\000u\000c\000t\000\040\000R\000e\000f\000e\000r\000e\000n\000c\000e}{chapter.3}% 16
\BOOKMARK [2][-]{subsection.3.6.1}{\376\377\0003\000.\0006\000.\0001\000\040\000D\000e\000t\000a\000i\000l\000e\000d\000\040\000D\000e\000s\000c\000r\000i\000p\000t\000i\000o\000n}{section.3.6}% 17
\BOOKMARK [1][-]{section.3.7}{\376\377\0003\000.\0007\000\040\000d\000a\000c\000\137\000c\000r\000\137\000t\000\040\000S\000t\000r\000u\000c\000t\000\040\000R\000e\000f\000e\000r\000e\000n\000c\000e}{chapter.3}% 18
\BOOKMARK [2][-]{subsection.3.7.1}{\376\377\0003\000.\0007\000.\0001\000\040\000D\000e\000t\000a\000i\000l\000e\000d\000\040\000D\000e\000s\000c\000r\000i\000p\000t\000i\000o\000n}{section.3.7}% 19
\BOOKMARK [1][-]{section.3.8}{\376\377\0003\000.\0008\000\040\000d\000a\000c\000\137\000c\000t\000r\000l\000\137\000t\000\040\000S\000t\000r\000u\000c\000t\000\040\000R\000e\000f\000e\000r\000e\000n\000c\000e}{chapter.3}% 20
\BOOKMARK [2][-]{subsection.3.8.1}{\376\377\0003\000.\0008\000.\0001\000\040\000D\000e\000t\000a\000i\000l\000e\000d\000\040\000D\000e\000s\000c\000r\000i\000p\000t\000i\000o\000n}{section.3.8}% 21
\BOOKMARK [0][-]{chapter.4}{\376\377\0004\000\040\000F\000i\000l\000e\000\040\000D\000o\000c\000u\000m\000e\000n\000t\000a\000t\000i\000o\000n}{}% 22
\BOOKMARK [1][-]{section.4.1}{\376\377\0004\000.\0001\000\040\000i\000n\000c\000/\000A\000D\000C\000\137\000F\000W\000.\000h\000\040\000F\000i\000l\000e\000\040\000R\000e\000f\000e\000r\000e\000n\000c\000e}{chapter.4}% 23
\BOOKMARK [2][-]{subsection.4.1.1}{\376\377\0004\000.\0001\000.\0001\000\040\000D\000e\000t\000a\000i\000l\000e\000d\000\040\000D\000e\000s\000c\000r\000i\000p\000t\000i\000o\000n}{section.4.1}% 24
\BOOKMARK [2][-]{subsection.4.1.2}{\376\377\0004\000.\0001\000.\0002\000\040\000F\000u\000n\000c\000t\000i\000o\000n\000\040\000D\000o\000c\000u\000m\000e\000n\000t\000a\000t\000i\000o\000n}{section.4.1}% 25
\BOOKMARK [3][-]{subsubsection.4.1.2.1}{\376\377\0004\000.\0001\000.\0002\000.\0001\000\040\000A\000D\000C\000\137\000D\000i\000s\000a\000b\000l\000e\000\050\000\051}{subsection.4.1.2}% 26
\BOOKMARK [3][-]{subsubsection.4.1.2.2}{\376\377\0004\000.\0001\000.\0002\000.\0002\000\040\000A\000D\000C\000\137\000E\000n\000a\000b\000l\000e\000\050\000\051}{subsection.4.1.2}% 27
\BOOKMARK [3][-]{subsubsection.4.1.2.3}{\376\377\0004\000.\0001\000.\0002\000.\0003\000\040\000A\000D\000C\000\137\000I\000n\000i\000t\000\050\000\051}{subsection.4.1.2}% 28
\BOOKMARK [3][-]{subsubsection.4.1.2.4}{\376\377\0004\000.\0001\000.\0002\000.\0004\000\040\000A\000D\000C\000\137\000P\000o\000w\000e\000r\000\050\000\051}{subsection.4.1.2}% 29
\BOOKMARK [1][-]{section.4.2}{\376\377\0004\000.\0002\000\040\000i\000n\000c\000/\000A\000p\000l\000i\000c\000a\000t\000i\000o\000n\000.\000h\000\040\000F\000i\000l\000e\000\040\000R\000e\000f\000e\000r\000e\000n\000c\000e}{chapter.4}% 30
\BOOKMARK [2][-]{subsection.4.2.1}{\376\377\0004\000.\0002\000.\0001\000\040\000D\000e\000t\000a\000i\000l\000e\000d\000\040\000D\000e\000s\000c\000r\000i\000p\000t\000i\000o\000n}{section.4.2}% 31
\BOOKMARK [2][-]{subsection.4.2.2}{\376\377\0004\000.\0002\000.\0002\000\040\000F\000u\000n\000c\000t\000i\000o\000n\000\040\000D\000o\000c\000u\000m\000e\000n\000t\000a\000t\000i\000o\000n}{section.4.2}% 32
\BOOKMARK [3][-]{subsubsection.4.2.2.1}{\376\377\0004\000.\0002\000.\0002\000.\0001\000\040\000G\000P\000I\000O\000\137\000I\000n\000i\000t\000\050\000\051}{subsection.4.2.2}% 33
\BOOKMARK [3][-]{subsubsection.4.2.2.2}{\376\377\0004\000.\0002\000.\0002\000.\0002\000\040\000L\000P\000C\000\137\000I\000n\000i\000t\000\050\000\051}{subsection.4.2.2}% 34
\BOOKMARK [1][-]{section.4.3}{\376\377\0004\000.\0003\000\040\000i\000n\000c\000/\000D\000A\000C\000\137\000F\000W\000.\000h\000\040\000F\000i\000l\000e\000\040\000R\000e\000f\000e\000r\000e\000n\000c\000e}{chapter.4}% 35
\BOOKMARK [2][-]{subsection.4.3.1}{\376\377\0004\000.\0003\000.\0001\000\040\000D\000e\000t\000a\000i\000l\000e\000d\000\040\000D\000e\000s\000c\000r\000i\000p\000t\000i\000o\000n}{section.4.3}% 36
\BOOKMARK [2][-]{subsection.4.3.2}{\376\377\0004\000.\0003\000.\0002\000\040\000F\000u\000n\000c\000t\000i\000o\000n\000\040\000D\000o\000c\000u\000m\000e\000n\000t\000a\000t\000i\000o\000n}{section.4.3}% 37
\BOOKMARK [3][-]{subsubsection.4.3.2.1}{\376\377\0004\000.\0003\000.\0002\000.\0001\000\040\000D\000A\000C\000\137\000D\000i\000s\000a\000b\000l\000e\000\050\000\051}{subsection.4.3.2}% 38
\BOOKMARK [3][-]{subsubsection.4.3.2.2}{\376\377\0004\000.\0003\000.\0002\000.\0002\000\040\000D\000A\000C\000\137\000E\000n\000a\000b\000l\000e\000\050\000\051}{subsection.4.3.2}% 39
\BOOKMARK [3][-]{subsubsection.4.3.2.3}{\376\377\0004\000.\0003\000.\0002\000.\0003\000\040\000D\000A\000C\000\137\000P\000o\000w\000e\000r\000\050\000\051}{subsection.4.3.2}% 40
\BOOKMARK [1][-]{section.4.4}{\376\377\0004\000.\0004\000\040\000i\000n\000c\000/\000D\000A\000C\000\137\000S\000W\000.\000h\000\040\000F\000i\000l\000e\000\040\000R\000e\000f\000e\000r\000e\000n\000c\000e}{chapter.4}% 41
\BOOKMARK [2][-]{subsection.4.4.1}{\376\377\0004\000.\0004\000.\0001\000\040\000D\000e\000t\000a\000i\000l\000e\000d\000\040\000D\000e\000s\000c\000r\000i\000p\000t\000i\000o\000n}{section.4.4}% 42
\BOOKMARK [2][-]{subsection.4.4.2}{\376\377\0004\000.\0004\000.\0002\000\040\000F\000u\000n\000c\000t\000i\000o\000n\000\040\000D\000o\000c\000u\000m\000e\000n\000t\000a\000t\000i\000o\000n}{section.4.4}% 43
\BOOKMARK [3][-]{subsubsection.4.4.2.1}{\376\377\0004\000.\0004\000.\0002\000.\0001\000\040\000S\000e\000t\000D\000A\000C\0000\000\050\000\051}{subsection.4.4.2}% 44
\BOOKMARK [1][-]{section.4.5}{\376\377\0004\000.\0005\000\040\000i\000n\000c\000/\000D\000i\000s\000p\0007\000S\000e\000g\000\137\000F\000W\000.\000h\000\040\000F\000i\000l\000e\000\040\000R\000e\000f\000e\000r\000e\000n\000c\000e}{chapter.4}% 45
\BOOKMARK [2][-]{subsection.4.5.1}{\376\377\0004\000.\0005\000.\0001\000\040\000D\000e\000t\000a\000i\000l\000e\000d\000\040\000D\000e\000s\000c\000r\000i\000p\000t\000i\000o\000n}{section.4.5}% 46
\BOOKMARK [2][-]{subsection.4.5.2}{\376\377\0004\000.\0005\000.\0002\000\040\000F\000u\000n\000c\000t\000i\000o\000n\000\040\000D\000o\000c\000u\000m\000e\000n\000t\000a\000t\000i\000o\000n}{section.4.5}% 47
\BOOKMARK [3][-]{subsubsection.4.5.2.1}{\376\377\0004\000.\0005\000.\0002\000.\0001\000\040\000D\000I\000S\000P\0007\000S\000E\000G\000\137\000I\000n\000i\000t\000\050\000\051}{subsection.4.5.2}% 48
\BOOKMARK [3][-]{subsubsection.4.5.2.2}{\376\377\0004\000.\0005\000.\0002\000.\0002\000\040\000D\000I\000S\000P\000\137\000S\000w\000e\000e\000p\000\050\000\051}{subsection.4.5.2}% 49
\BOOKMARK [1][-]{section.4.6}{\376\377\0004\000.\0006\000\040\000i\000n\000c\000/\000D\000i\000s\000p\0007\000S\000e\000g\000\137\000S\000W\000.\000h\000\040\000F\000i\000l\000e\000\040\000R\000e\000f\000e\000r\000e\000n\000c\000e}{chapter.4}% 50
\BOOKMARK [2][-]{subsection.4.6.1}{\376\377\0004\000.\0006\000.\0001\000\040\000D\000e\000t\000a\000i\000l\000e\000d\000\040\000D\000e\000s\000c\000r\000i\000p\000t\000i\000o\000n}{section.4.6}% 51
\BOOKMARK [2][-]{subsection.4.6.2}{\376\377\0004\000.\0006\000.\0002\000\040\000F\000u\000n\000c\000t\000i\000o\000n\000\040\000D\000o\000c\000u\000m\000e\000n\000t\000a\000t\000i\000o\000n}{section.4.6}% 52
\BOOKMARK [3][-]{subsubsection.4.6.2.1}{\376\377\0004\000.\0006\000.\0002\000.\0001\000\040\000D\000i\000s\000p\000l\000a\000y\000\050\000\051}{subsection.4.6.2}% 53
\BOOKMARK [1][-]{section.4.7}{\376\377\0004\000.\0007\000\040\000i\000n\000c\000/\000G\000P\000I\000O\000\137\000F\000W\000.\000h\000\040\000F\000i\000l\000e\000\040\000R\000e\000f\000e\000r\000e\000n\000c\000e}{chapter.4}% 54
\BOOKMARK [2][-]{subsection.4.7.1}{\376\377\0004\000.\0007\000.\0001\000\040\000D\000e\000t\000a\000i\000l\000e\000d\000\040\000D\000e\000s\000c\000r\000i\000p\000t\000i\000o\000n}{section.4.7}% 55
\BOOKMARK [2][-]{subsection.4.7.2}{\376\377\0004\000.\0007\000.\0002\000\040\000F\000u\000n\000c\000t\000i\000o\000n\000\040\000D\000o\000c\000u\000m\000e\000n\000t\000a\000t\000i\000o\000n}{section.4.7}% 56
\BOOKMARK [3][-]{subsubsection.4.7.2.1}{\376\377\0004\000.\0007\000.\0002\000.\0001\000\040\000G\000e\000t\000O\000F\000F\000S\000E\000T\000\050\000\051}{subsection.4.7.2}% 57
\BOOKMARK [3][-]{subsubsection.4.7.2.2}{\376\377\0004\000.\0007\000.\0002\000.\0002\000\040\000G\000P\000I\000O\000\137\000C\000l\000e\000a\000r\000O\000U\000T\000\050\000\051}{subsection.4.7.2}% 58
\BOOKMARK [3][-]{subsubsection.4.7.2.3}{\376\377\0004\000.\0007\000.\0002\000.\0003\000\040\000G\000P\000I\000O\000\137\000D\000e\000b\000o\000u\000n\000c\000e\000\050\000\051}{subsection.4.7.2}% 59
\BOOKMARK [3][-]{subsubsection.4.7.2.4}{\376\377\0004\000.\0007\000.\0002\000.\0004\000\040\000G\000P\000I\000O\000\137\000D\000e\000b\000o\000u\000n\000c\000e\000U\000s\000e\000r\000K\000E\000Y\000\050\000\051}{subsection.4.7.2}% 60
\BOOKMARK [3][-]{subsubsection.4.7.2.5}{\376\377\0004\000.\0007\000.\0002\000.\0005\000\040\000G\000P\000I\000O\000\137\000D\000i\000s\000a\000b\000l\000e\000\050\000\051}{subsection.4.7.2}% 61
\BOOKMARK [3][-]{subsubsection.4.7.2.6}{\376\377\0004\000.\0007\000.\0002\000.\0006\000\040\000G\000P\000I\000O\000\137\000E\000n\000a\000b\000l\000e\000\050\000\051}{subsection.4.7.2}% 62
\BOOKMARK [3][-]{subsubsection.4.7.2.7}{\376\377\0004\000.\0007\000.\0002\000.\0007\000\040\000G\000P\000I\000O\000\137\000G\000e\000t\000P\000I\000N\000\050\000\051}{subsection.4.7.2}% 63
\BOOKMARK [3][-]{subsubsection.4.7.2.8}{\376\377\0004\000.\0007\000.\0002\000.\0008\000\040\000G\000P\000I\000O\000\137\000S\000e\000t\000D\000I\000R\000\050\000\051}{subsection.4.7.2}% 64
\BOOKMARK [3][-]{subsubsection.4.7.2.9}{\376\377\0004\000.\0007\000.\0002\000.\0009\000\040\000G\000P\000I\000O\000\137\000S\000e\000t\000M\000o\000d\000e\000C\000L\000K\000D\000I\000V\000\050\000\051}{subsection.4.7.2}% 65
\BOOKMARK [3][-]{subsubsection.4.7.2.10}{\376\377\0004\000.\0007\000.\0002\000.\0001\0000\000\040\000G\000P\000I\000O\000\137\000S\000e\000t\000M\000o\000d\000e\000D\000A\000C\000\050\000\051}{subsection.4.7.2}% 66
\BOOKMARK [3][-]{subsubsection.4.7.2.11}{\376\377\0004\000.\0007\000.\0002\000.\0001\0001\000\040\000G\000P\000I\000O\000\137\000S\000e\000t\000M\000o\000d\000e\000F\000I\000L\000T\000E\000R\000\050\000\051}{subsection.4.7.2}% 67
\BOOKMARK [3][-]{subsubsection.4.7.2.12}{\376\377\0004\000.\0007\000.\0002\000.\0001\0002\000\040\000G\000P\000I\000O\000\137\000S\000e\000t\000M\000o\000d\000e\000H\000Y\000S\000\050\000\051}{subsection.4.7.2}% 68
\BOOKMARK [3][-]{subsubsection.4.7.2.13}{\376\377\0004\000.\0007\000.\0002\000.\0001\0003\000\040\000G\000P\000I\000O\000\137\000S\000e\000t\000M\000o\000d\000e\000I\0002\000C\000\050\000\051}{subsection.4.7.2}% 69
\BOOKMARK [3][-]{subsubsection.4.7.2.14}{\376\377\0004\000.\0007\000.\0002\000.\0001\0004\000\040\000G\000P\000I\000O\000\137\000S\000e\000t\000M\000o\000d\000e\000I\000N\000P\000U\000T\000\050\000\051}{subsection.4.7.2}% 70
\BOOKMARK [3][-]{subsubsection.4.7.2.15}{\376\377\0004\000.\0007\000.\0002\000.\0001\0005\000\040\000G\000P\000I\000O\000\137\000S\000e\000t\000M\000o\000d\000e\000I\000N\000V\000\050\000\051}{subsection.4.7.2}% 71
\BOOKMARK [3][-]{subsubsection.4.7.2.16}{\376\377\0004\000.\0007\000.\0002\000.\0001\0006\000\040\000G\000P\000I\000O\000\137\000S\000e\000t\000M\000o\000d\000e\000O\000D\000\050\000\051}{subsection.4.7.2}% 72
\BOOKMARK [3][-]{subsubsection.4.7.2.17}{\376\377\0004\000.\0007\000.\0002\000.\0001\0007\000\040\000G\000P\000I\000O\000\137\000S\000e\000t\000O\000U\000T\000\050\000\051}{subsection.4.7.2}% 73
\BOOKMARK [3][-]{subsubsection.4.7.2.18}{\376\377\0004\000.\0007\000.\0002\000.\0001\0008\000\040\000G\000P\000I\000O\000\137\000S\000e\000t\000P\000I\000N\000\050\000\051}{subsection.4.7.2}% 74
\BOOKMARK [3][-]{subsubsection.4.7.2.19}{\376\377\0004\000.\0007\000.\0002\000.\0001\0009\000\040\000G\000P\000I\000O\000\137\000T\000o\000o\000g\000l\000e\000O\000U\000T\000\050\000\051}{subsection.4.7.2}% 75
\BOOKMARK [3][-]{subsubsection.4.7.2.20}{\376\377\0004\000.\0007\000.\0002\000.\0002\0000\000\040\000I\000O\000C\000O\000N\000D\000i\000s\000a\000b\000l\000e\000\050\000\051}{subsection.4.7.2}% 76
\BOOKMARK [3][-]{subsubsection.4.7.2.21}{\376\377\0004\000.\0007\000.\0002\000.\0002\0001\000\040\000I\000O\000C\000O\000N\000E\000n\000a\000b\000l\000e\000\050\000\051}{subsection.4.7.2}% 77
\BOOKMARK [1][-]{section.4.8}{\376\377\0004\000.\0008\000\040\000i\000n\000c\000/\000G\000P\000I\000O\000\137\000S\000W\000.\000h\000\040\000F\000i\000l\000e\000\040\000R\000e\000f\000e\000r\000e\000n\000c\000e}{chapter.4}% 78
\BOOKMARK [2][-]{subsection.4.8.1}{\376\377\0004\000.\0008\000.\0001\000\040\000D\000e\000t\000a\000i\000l\000e\000d\000\040\000D\000e\000s\000c\000r\000i\000p\000t\000i\000o\000n}{section.4.8}% 79
\BOOKMARK [2][-]{subsection.4.8.2}{\376\377\0004\000.\0008\000.\0002\000\040\000F\000u\000n\000c\000t\000i\000o\000n\000\040\000D\000o\000c\000u\000m\000e\000n\000t\000a\000t\000i\000o\000n}{section.4.8}% 80
\BOOKMARK [3][-]{subsubsection.4.8.2.1}{\376\377\0004\000.\0008\000.\0002\000.\0001\000\040\000G\000e\000t\000I\000n\000p\000u\000t\000\050\000\051}{subsection.4.8.2}% 81
\BOOKMARK [3][-]{subsubsection.4.8.2.2}{\376\377\0004\000.\0008\000.\0002\000.\0002\000\040\000G\000e\000t\000U\000s\000e\000r\000K\000E\000Y\000\050\000\051}{subsection.4.8.2}% 82
\BOOKMARK [1][-]{section.4.9}{\376\377\0004\000.\0009\000\040\000i\000n\000c\000/\000L\000P\000C\0008\0004\0005\000.\000h\000\040\000F\000i\000l\000e\000\040\000R\000e\000f\000e\000r\000e\000n\000c\000e}{chapter.4}% 83
\BOOKMARK [2][-]{subsection.4.9.1}{\376\377\0004\000.\0009\000.\0001\000\040\000D\000e\000t\000a\000i\000l\000e\000d\000\040\000D\000e\000s\000c\000r\000i\000p\000t\000i\000o\000n}{section.4.9}% 84
\BOOKMARK [1][-]{section.4.10}{\376\377\0004\000.\0001\0000\000\040\000i\000n\000c\000/\000S\000w\000i\000t\000c\000h\000M\000a\000t\000r\000i\000x\000\137\000F\000W\000.\000h\000\040\000F\000i\000l\000e\000\040\000R\000e\000f\000e\000r\000e\000n\000c\000e}{chapter.4}% 85
\BOOKMARK [2][-]{subsection.4.10.1}{\376\377\0004\000.\0001\0000\000.\0001\000\040\000D\000e\000t\000a\000i\000l\000e\000d\000\040\000D\000e\000s\000c\000r\000i\000p\000t\000i\000o\000n}{section.4.10}% 86
\BOOKMARK [2][-]{subsection.4.10.2}{\376\377\0004\000.\0001\0000\000.\0002\000\040\000E\000n\000u\000m\000e\000r\000a\000t\000i\000o\000n\000\040\000T\000y\000p\000e\000\040\000D\000o\000c\000u\000m\000e\000n\000t\000a\000t\000i\000o\000n}{section.4.10}% 87
\BOOKMARK [3][-]{subsubsection.4.10.2.1}{\376\377\0004\000.\0001\0000\000.\0002\000.\0001\000\040\000a\000n\000o\000n\000y\000m\000o\000u\000s\000\040\000e\000n\000u\000m}{subsection.4.10.2}% 88
\BOOKMARK [3][-]{subsubsection.4.10.2.2}{\376\377\0004\000.\0001\0000\000.\0002\000.\0002\000\040\000a\000n\000o\000n\000y\000m\000o\000u\000s\000\040\000e\000n\000u\000m}{subsection.4.10.2}% 89
\BOOKMARK [3][-]{subsubsection.4.10.2.3}{\376\377\0004\000.\0001\0000\000.\0002\000.\0003\000\040\000a\000n\000o\000n\000y\000m\000o\000u\000s\000\040\000e\000n\000u\000m}{subsection.4.10.2}% 90
\BOOKMARK [3][-]{subsubsection.4.10.2.4}{\376\377\0004\000.\0001\0000\000.\0002\000.\0004\000\040\000a\000n\000o\000n\000y\000m\000o\000u\000s\000\040\000e\000n\000u\000m}{subsection.4.10.2}% 91
\BOOKMARK [2][-]{subsection.4.10.3}{\376\377\0004\000.\0001\0000\000.\0003\000\040\000F\000u\000n\000c\000t\000i\000o\000n\000\040\000D\000o\000c\000u\000m\000e\000n\000t\000a\000t\000i\000o\000n}{section.4.10}% 92
\BOOKMARK [3][-]{subsubsection.4.10.3.1}{\376\377\0004\000.\0001\0000\000.\0003\000.\0001\000\040\000S\000W\000M\000\050\000\051}{subsection.4.10.3}% 93
\BOOKMARK [3][-]{subsubsection.4.10.3.2}{\376\377\0004\000.\0001\0000\000.\0003\000.\0002\000\040\000S\000W\000M\000\137\000D\000i\000s\000a\000b\000l\000e\000\050\000\051}{subsection.4.10.3}% 94
\BOOKMARK [3][-]{subsubsection.4.10.3.3}{\376\377\0004\000.\0001\0000\000.\0003\000.\0003\000\040\000S\000W\000M\000\137\000E\000n\000a\000b\000l\000e\000\050\000\051}{subsection.4.10.3}% 95
\BOOKMARK [3][-]{subsubsection.4.10.3.4}{\376\377\0004\000.\0001\0000\000.\0003\000.\0004\000\040\000S\000W\000M\000\137\000P\000i\000n\000E\000n\000a\000b\000l\000e\000\050\000\051}{subsection.4.10.3}% 96
\BOOKMARK [1][-]{section.4.11}{\376\377\0004\000.\0001\0001\000\040\000i\000n\000c\000/\000S\000Y\000S\000C\000O\000N\000\137\000F\000W\000.\000h\000\040\000F\000i\000l\000e\000\040\000R\000e\000f\000e\000r\000e\000n\000c\000e}{chapter.4}% 97
\BOOKMARK [2][-]{subsection.4.11.1}{\376\377\0004\000.\0001\0001\000.\0001\000\040\000D\000e\000t\000a\000i\000l\000e\000d\000\040\000D\000e\000s\000c\000r\000i\000p\000t\000i\000o\000n}{section.4.11}% 98
\BOOKMARK [2][-]{subsection.4.11.2}{\376\377\0004\000.\0001\0001\000.\0002\000\040\000F\000u\000n\000c\000t\000i\000o\000n\000\040\000D\000o\000c\000u\000m\000e\000n\000t\000a\000t\000i\000o\000n}{section.4.11}% 99
\BOOKMARK [3][-]{subsubsection.4.11.2.1}{\376\377\0004\000.\0001\0001\000.\0002\000.\0001\000\040\000B\000o\000a\000r\000d\000C\000l\000o\000c\000k\000R\000U\000N\000\050\000\051}{subsection.4.11.2}% 100
\BOOKMARK [1][-]{section.4.12}{\376\377\0004\000.\0001\0002\000\040\000i\000n\000c\000/\000S\000y\000s\000T\000i\000c\000k\000\137\000F\000W\000.\000h\000\040\000F\000i\000l\000e\000\040\000R\000e\000f\000e\000r\000e\000n\000c\000e}{chapter.4}% 101
\BOOKMARK [2][-]{subsection.4.12.1}{\376\377\0004\000.\0001\0002\000.\0001\000\040\000D\000e\000t\000a\000i\000l\000e\000d\000\040\000D\000e\000s\000c\000r\000i\000p\000t\000i\000o\000n}{section.4.12}% 102
\BOOKMARK [2][-]{subsection.4.12.2}{\376\377\0004\000.\0001\0002\000.\0002\000\040\000F\000u\000n\000c\000t\000i\000o\000n\000\040\000D\000o\000c\000u\000m\000e\000n\000t\000a\000t\000i\000o\000n}{section.4.12}% 103
\BOOKMARK [3][-]{subsubsection.4.12.2.1}{\376\377\0004\000.\0001\0002\000.\0002\000.\0001\000\040\000S\000y\000s\000T\000i\000c\000k\000\137\000I\000n\000i\000t\000\050\000\051}{subsection.4.12.2}% 104
\BOOKMARK [3][-]{subsubsection.4.12.2.2}{\376\377\0004\000.\0001\0002\000.\0002\000.\0002\000\040\000S\000y\000s\000T\000i\000c\000k\000\137\000O\000f\000f\000\050\000\051}{subsection.4.12.2}% 105
\BOOKMARK [3][-]{subsubsection.4.12.2.3}{\376\377\0004\000.\0001\0002\000.\0002\000.\0003\000\040\000S\000y\000s\000T\000i\000c\000k\000\137\000S\000e\000t\000\050\000\051}{subsection.4.12.2}% 106
\BOOKMARK [1][-]{section.4.13}{\376\377\0004\000.\0001\0003\000\040\000s\000o\000u\000r\000c\000e\000/\0000\0006\000-\000D\000A\000C\000.\000c\000\040\000F\000i\000l\000e\000\040\000R\000e\000f\000e\000r\000e\000n\000c\000e}{chapter.4}% 107
\BOOKMARK [2][-]{subsection.4.13.1}{\376\377\0004\000.\0001\0003\000.\0001\000\040\000D\000e\000t\000a\000i\000l\000e\000d\000\040\000D\000e\000s\000c\000r\000i\000p\000t\000i\000o\000n}{section.4.13}% 108
\BOOKMARK [2][-]{subsection.4.13.2}{\376\377\0004\000.\0001\0003\000.\0002\000\040\000F\000u\000n\000c\000t\000i\000o\000n\000\040\000D\000o\000c\000u\000m\000e\000n\000t\000a\000t\000i\000o\000n}{section.4.13}% 109
\BOOKMARK [3][-]{subsubsection.4.13.2.1}{\376\377\0004\000.\0001\0003\000.\0002\000.\0001\000\040\000m\000a\000i\000n\000\050\000\051}{subsection.4.13.2}% 110
\BOOKMARK [2][-]{subsection.4.13.3}{\376\377\0004\000.\0001\0003\000.\0003\000\040\000V\000a\000r\000i\000a\000b\000l\000e\000\040\000D\000o\000c\000u\000m\000e\000n\000t\000a\000t\000i\000o\000n}{section.4.13}% 111
\BOOKMARK [3][-]{subsubsection.4.13.3.1}{\376\377\0004\000.\0001\0003\000.\0003\000.\0001\000\040\000t\000i\000c\000k}{subsection.4.13.3}% 112
\BOOKMARK [1][-]{section.4.14}{\376\377\0004\000.\0001\0004\000\040\000s\000o\000u\000r\000c\000e\000/\000A\000D\000C\000\137\000F\000W\000.\000c\000\040\000F\000i\000l\000e\000\040\000R\000e\000f\000e\000r\000e\000n\000c\000e}{chapter.4}% 113
\BOOKMARK [2][-]{subsection.4.14.1}{\376\377\0004\000.\0001\0004\000.\0001\000\040\000D\000e\000t\000a\000i\000l\000e\000d\000\040\000D\000e\000s\000c\000r\000i\000p\000t\000i\000o\000n}{section.4.14}% 114
\BOOKMARK [2][-]{subsection.4.14.2}{\376\377\0004\000.\0001\0004\000.\0002\000\040\000F\000u\000n\000c\000t\000i\000o\000n\000\040\000D\000o\000c\000u\000m\000e\000n\000t\000a\000t\000i\000o\000n}{section.4.14}% 115
\BOOKMARK [3][-]{subsubsection.4.14.2.1}{\376\377\0004\000.\0001\0004\000.\0002\000.\0001\000\040\000A\000D\000C\0000\000\137\000S\000E\000Q\000A\000\137\000I\000R\000Q\000H\000a\000n\000d\000l\000e\000r\000\050\000\051}{subsection.4.14.2}% 116
\BOOKMARK [3][-]{subsubsection.4.14.2.2}{\376\377\0004\000.\0001\0004\000.\0002\000.\0002\000\040\000A\000D\000C\000\137\000D\000i\000s\000a\000b\000l\000e\000\050\000\051}{subsection.4.14.2}% 117
\BOOKMARK [3][-]{subsubsection.4.14.2.3}{\376\377\0004\000.\0001\0004\000.\0002\000.\0003\000\040\000A\000D\000C\000\137\000E\000n\000a\000b\000l\000e\000\050\000\051}{subsection.4.14.2}% 118
\BOOKMARK [3][-]{subsubsection.4.14.2.4}{\376\377\0004\000.\0001\0004\000.\0002\000.\0004\000\040\000A\000D\000C\000\137\000I\000n\000i\000t\000\050\000\051}{subsection.4.14.2}% 119
\BOOKMARK [3][-]{subsubsection.4.14.2.5}{\376\377\0004\000.\0001\0004\000.\0002\000.\0005\000\040\000A\000D\000C\000\137\000P\000o\000w\000e\000r\000\050\000\051}{subsection.4.14.2}% 120
\BOOKMARK [1][-]{section.4.15}{\376\377\0004\000.\0001\0005\000\040\000s\000o\000u\000r\000c\000e\000/\000A\000p\000l\000i\000c\000a\000t\000i\000o\000n\000.\000c\000\040\000F\000i\000l\000e\000\040\000R\000e\000f\000e\000r\000e\000n\000c\000e}{chapter.4}% 121
\BOOKMARK [2][-]{subsection.4.15.1}{\376\377\0004\000.\0001\0005\000.\0001\000\040\000D\000e\000t\000a\000i\000l\000e\000d\000\040\000D\000e\000s\000c\000r\000i\000p\000t\000i\000o\000n}{section.4.15}% 122
\BOOKMARK [2][-]{subsection.4.15.2}{\376\377\0004\000.\0001\0005\000.\0002\000\040\000F\000u\000n\000c\000t\000i\000o\000n\000\040\000D\000o\000c\000u\000m\000e\000n\000t\000a\000t\000i\000o\000n}{section.4.15}% 123
\BOOKMARK [3][-]{subsubsection.4.15.2.1}{\376\377\0004\000.\0001\0005\000.\0002\000.\0001\000\040\000G\000P\000I\000O\000\137\000I\000n\000i\000t\000\050\000\051}{subsection.4.15.2}% 124
\BOOKMARK [3][-]{subsubsection.4.15.2.2}{\376\377\0004\000.\0001\0005\000.\0002\000.\0002\000\040\000L\000P\000C\000\137\000I\000n\000i\000t\000\050\000\051}{subsection.4.15.2}% 125
\BOOKMARK [2][-]{subsection.4.15.3}{\376\377\0004\000.\0001\0005\000.\0003\000\040\000V\000a\000r\000i\000a\000b\000l\000e\000\040\000D\000o\000c\000u\000m\000e\000n\000t\000a\000t\000i\000o\000n}{section.4.15}% 126
\BOOKMARK [3][-]{subsubsection.4.15.3.1}{\376\377\0004\000.\0001\0005\000.\0003\000.\0001\000\040\000t\000i\000c\000k}{subsection.4.15.3}% 127
\BOOKMARK [1][-]{section.4.16}{\376\377\0004\000.\0001\0006\000\040\000s\000o\000u\000r\000c\000e\000/\000D\000A\000C\000\137\000F\000W\000.\000c\000\040\000F\000i\000l\000e\000\040\000R\000e\000f\000e\000r\000e\000n\000c\000e}{chapter.4}% 128
\BOOKMARK [2][-]{subsection.4.16.1}{\376\377\0004\000.\0001\0006\000.\0001\000\040\000D\000e\000t\000a\000i\000l\000e\000d\000\040\000D\000e\000s\000c\000r\000i\000p\000t\000i\000o\000n}{section.4.16}% 129
\BOOKMARK [2][-]{subsection.4.16.2}{\376\377\0004\000.\0001\0006\000.\0002\000\040\000F\000u\000n\000c\000t\000i\000o\000n\000\040\000D\000o\000c\000u\000m\000e\000n\000t\000a\000t\000i\000o\000n}{section.4.16}% 130
\BOOKMARK [3][-]{subsubsection.4.16.2.1}{\376\377\0004\000.\0001\0006\000.\0002\000.\0001\000\040\000D\000A\000C\000\137\000D\000i\000s\000a\000b\000l\000e\000\050\000\051}{subsection.4.16.2}% 131
\BOOKMARK [3][-]{subsubsection.4.16.2.2}{\376\377\0004\000.\0001\0006\000.\0002\000.\0002\000\040\000D\000A\000C\000\137\000E\000n\000a\000b\000l\000e\000\050\000\051}{subsection.4.16.2}% 132
\BOOKMARK [3][-]{subsubsection.4.16.2.3}{\376\377\0004\000.\0001\0006\000.\0002\000.\0003\000\040\000D\000A\000C\000\137\000P\000o\000w\000e\000r\000\050\000\051}{subsection.4.16.2}% 133
\BOOKMARK [1][-]{section.4.17}{\376\377\0004\000.\0001\0007\000\040\000s\000o\000u\000r\000c\000e\000/\000D\000A\000C\000\137\000S\000W\000.\000c\000\040\000F\000i\000l\000e\000\040\000R\000e\000f\000e\000r\000e\000n\000c\000e}{chapter.4}% 134
\BOOKMARK [2][-]{subsection.4.17.1}{\376\377\0004\000.\0001\0007\000.\0001\000\040\000D\000e\000t\000a\000i\000l\000e\000d\000\040\000D\000e\000s\000c\000r\000i\000p\000t\000i\000o\000n}{section.4.17}% 135
\BOOKMARK [2][-]{subsection.4.17.2}{\376\377\0004\000.\0001\0007\000.\0002\000\040\000F\000u\000n\000c\000t\000i\000o\000n\000\040\000D\000o\000c\000u\000m\000e\000n\000t\000a\000t\000i\000o\000n}{section.4.17}% 136
\BOOKMARK [3][-]{subsubsection.4.17.2.1}{\376\377\0004\000.\0001\0007\000.\0002\000.\0001\000\040\000S\000e\000t\000D\000A\000C\0000\000\050\000\051}{subsection.4.17.2}% 137
\BOOKMARK [1][-]{section.4.18}{\376\377\0004\000.\0001\0008\000\040\000s\000o\000u\000r\000c\000e\000/\000D\000i\000s\000p\0007\000S\000e\000g\000\137\000F\000W\000.\000c\000\040\000F\000i\000l\000e\000\040\000R\000e\000f\000e\000r\000e\000n\000c\000e}{chapter.4}% 138
\BOOKMARK [2][-]{subsection.4.18.1}{\376\377\0004\000.\0001\0008\000.\0001\000\040\000D\000e\000t\000a\000i\000l\000e\000d\000\040\000D\000e\000s\000c\000r\000i\000p\000t\000i\000o\000n}{section.4.18}% 139
\BOOKMARK [2][-]{subsection.4.18.2}{\376\377\0004\000.\0001\0008\000.\0002\000\040\000F\000u\000n\000c\000t\000i\000o\000n\000\040\000D\000o\000c\000u\000m\000e\000n\000t\000a\000t\000i\000o\000n}{section.4.18}% 140
\BOOKMARK [3][-]{subsubsection.4.18.2.1}{\376\377\0004\000.\0001\0008\000.\0002\000.\0001\000\040\000D\000I\000S\000P\0007\000S\000E\000G\000\137\000I\000n\000i\000t\000\050\000\051}{subsection.4.18.2}% 141
\BOOKMARK [3][-]{subsubsection.4.18.2.2}{\376\377\0004\000.\0001\0008\000.\0002\000.\0002\000\040\000D\000I\000S\000P\000\137\000S\000w\000e\000e\000p\000\050\000\051}{subsection.4.18.2}% 142
\BOOKMARK [1][-]{section.4.19}{\376\377\0004\000.\0001\0009\000\040\000s\000o\000u\000r\000c\000e\000/\000D\000i\000s\000p\0007\000S\000e\000g\000\137\000S\000W\000.\000c\000\040\000F\000i\000l\000e\000\040\000R\000e\000f\000e\000r\000e\000n\000c\000e}{chapter.4}% 143
\BOOKMARK [2][-]{subsection.4.19.1}{\376\377\0004\000.\0001\0009\000.\0001\000\040\000D\000e\000t\000a\000i\000l\000e\000d\000\040\000D\000e\000s\000c\000r\000i\000p\000t\000i\000o\000n}{section.4.19}% 144
\BOOKMARK [2][-]{subsection.4.19.2}{\376\377\0004\000.\0001\0009\000.\0002\000\040\000F\000u\000n\000c\000t\000i\000o\000n\000\040\000D\000o\000c\000u\000m\000e\000n\000t\000a\000t\000i\000o\000n}{section.4.19}% 145
\BOOKMARK [3][-]{subsubsection.4.19.2.1}{\376\377\0004\000.\0001\0009\000.\0002\000.\0001\000\040\000D\000i\000s\000p\000l\000a\000y\000\050\000\051}{subsection.4.19.2}% 146
\BOOKMARK [2][-]{subsection.4.19.3}{\376\377\0004\000.\0001\0009\000.\0003\000\040\000V\000a\000r\000i\000a\000b\000l\000e\000\040\000D\000o\000c\000u\000m\000e\000n\000t\000a\000t\000i\000o\000n}{section.4.19}% 147
\BOOKMARK [3][-]{subsubsection.4.19.3.1}{\376\377\0004\000.\0001\0009\000.\0003\000.\0001\000\040\000D\000i\000g\000i\000t\000s\000\137\000t\000o\000\137\000B\000C\000D\0007\000s\000e\000g}{subsection.4.19.3}% 148
\BOOKMARK [1][-]{section.4.20}{\376\377\0004\000.\0002\0000\000\040\000s\000o\000u\000r\000c\000e\000/\000G\000P\000I\000O\000\137\000F\000W\000.\000c\000\040\000F\000i\000l\000e\000\040\000R\000e\000f\000e\000r\000e\000n\000c\000e}{chapter.4}% 149
\BOOKMARK [2][-]{subsection.4.20.1}{\376\377\0004\000.\0002\0000\000.\0001\000\040\000D\000e\000t\000a\000i\000l\000e\000d\000\040\000D\000e\000s\000c\000r\000i\000p\000t\000i\000o\000n}{section.4.20}% 150
\BOOKMARK [2][-]{subsection.4.20.2}{\376\377\0004\000.\0002\0000\000.\0002\000\040\000F\000u\000n\000c\000t\000i\000o\000n\000\040\000D\000o\000c\000u\000m\000e\000n\000t\000a\000t\000i\000o\000n}{section.4.20}% 151
\BOOKMARK [3][-]{subsubsection.4.20.2.1}{\376\377\0004\000.\0002\0000\000.\0002\000.\0001\000\040\000G\000e\000t\000O\000F\000F\000S\000E\000T\000\050\000\051}{subsection.4.20.2}% 152
\BOOKMARK [3][-]{subsubsection.4.20.2.2}{\376\377\0004\000.\0002\0000\000.\0002\000.\0002\000\040\000G\000P\000I\000O\000\137\000C\000l\000e\000a\000r\000O\000U\000T\000\050\000\051}{subsection.4.20.2}% 153
\BOOKMARK [3][-]{subsubsection.4.20.2.3}{\376\377\0004\000.\0002\0000\000.\0002\000.\0003\000\040\000G\000P\000I\000O\000\137\000D\000e\000b\000o\000u\000n\000c\000e\000\050\000\051}{subsection.4.20.2}% 154
\BOOKMARK [3][-]{subsubsection.4.20.2.4}{\376\377\0004\000.\0002\0000\000.\0002\000.\0004\000\040\000G\000P\000I\000O\000\137\000D\000e\000b\000o\000u\000n\000c\000e\000U\000s\000e\000r\000K\000E\000Y\000\050\000\051}{subsection.4.20.2}% 155
\BOOKMARK [3][-]{subsubsection.4.20.2.5}{\376\377\0004\000.\0002\0000\000.\0002\000.\0005\000\040\000G\000P\000I\000O\000\137\000D\000i\000s\000a\000b\000l\000e\000\050\000\051}{subsection.4.20.2}% 156
\BOOKMARK [3][-]{subsubsection.4.20.2.6}{\376\377\0004\000.\0002\0000\000.\0002\000.\0006\000\040\000G\000P\000I\000O\000\137\000E\000n\000a\000b\000l\000e\000\050\000\051}{subsection.4.20.2}% 157
\BOOKMARK [3][-]{subsubsection.4.20.2.7}{\376\377\0004\000.\0002\0000\000.\0002\000.\0007\000\040\000G\000P\000I\000O\000\137\000G\000e\000t\000P\000I\000N\000\050\000\051}{subsection.4.20.2}% 158
\BOOKMARK [3][-]{subsubsection.4.20.2.8}{\376\377\0004\000.\0002\0000\000.\0002\000.\0008\000\040\000G\000P\000I\000O\000\137\000S\000e\000t\000D\000I\000R\000\050\000\051}{subsection.4.20.2}% 159
\BOOKMARK [3][-]{subsubsection.4.20.2.9}{\376\377\0004\000.\0002\0000\000.\0002\000.\0009\000\040\000G\000P\000I\000O\000\137\000S\000e\000t\000M\000o\000d\000e\000C\000L\000K\000D\000I\000V\000\050\000\051}{subsection.4.20.2}% 160
\BOOKMARK [3][-]{subsubsection.4.20.2.10}{\376\377\0004\000.\0002\0000\000.\0002\000.\0001\0000\000\040\000G\000P\000I\000O\000\137\000S\000e\000t\000M\000o\000d\000e\000D\000A\000C\000\050\000\051}{subsection.4.20.2}% 161
\BOOKMARK [3][-]{subsubsection.4.20.2.11}{\376\377\0004\000.\0002\0000\000.\0002\000.\0001\0001\000\040\000G\000P\000I\000O\000\137\000S\000e\000t\000M\000o\000d\000e\000F\000I\000L\000T\000E\000R\000\050\000\051}{subsection.4.20.2}% 162
\BOOKMARK [3][-]{subsubsection.4.20.2.12}{\376\377\0004\000.\0002\0000\000.\0002\000.\0001\0002\000\040\000G\000P\000I\000O\000\137\000S\000e\000t\000M\000o\000d\000e\000H\000Y\000S\000\050\000\051}{subsection.4.20.2}% 163
\BOOKMARK [3][-]{subsubsection.4.20.2.13}{\376\377\0004\000.\0002\0000\000.\0002\000.\0001\0003\000\040\000G\000P\000I\000O\000\137\000S\000e\000t\000M\000o\000d\000e\000I\0002\000C\000\050\000\051}{subsection.4.20.2}% 164
\BOOKMARK [3][-]{subsubsection.4.20.2.14}{\376\377\0004\000.\0002\0000\000.\0002\000.\0001\0004\000\040\000G\000P\000I\000O\000\137\000S\000e\000t\000M\000o\000d\000e\000I\000N\000P\000U\000T\000\050\000\051}{subsection.4.20.2}% 165
\BOOKMARK [3][-]{subsubsection.4.20.2.15}{\376\377\0004\000.\0002\0000\000.\0002\000.\0001\0005\000\040\000G\000P\000I\000O\000\137\000S\000e\000t\000M\000o\000d\000e\000I\000N\000V\000\050\000\051}{subsection.4.20.2}% 166
\BOOKMARK [3][-]{subsubsection.4.20.2.16}{\376\377\0004\000.\0002\0000\000.\0002\000.\0001\0006\000\040\000G\000P\000I\000O\000\137\000S\000e\000t\000M\000o\000d\000e\000O\000D\000\050\000\051}{subsection.4.20.2}% 167
\BOOKMARK [3][-]{subsubsection.4.20.2.17}{\376\377\0004\000.\0002\0000\000.\0002\000.\0001\0007\000\040\000G\000P\000I\000O\000\137\000S\000e\000t\000O\000U\000T\000\050\000\051}{subsection.4.20.2}% 168
\BOOKMARK [3][-]{subsubsection.4.20.2.18}{\376\377\0004\000.\0002\0000\000.\0002\000.\0001\0008\000\040\000G\000P\000I\000O\000\137\000S\000e\000t\000P\000I\000N\000\050\000\051}{subsection.4.20.2}% 169
\BOOKMARK [3][-]{subsubsection.4.20.2.19}{\376\377\0004\000.\0002\0000\000.\0002\000.\0001\0009\000\040\000G\000P\000I\000O\000\137\000T\000o\000o\000g\000l\000e\000O\000U\000T\000\050\000\051}{subsection.4.20.2}% 170
\BOOKMARK [3][-]{subsubsection.4.20.2.20}{\376\377\0004\000.\0002\0000\000.\0002\000.\0002\0000\000\040\000I\000O\000C\000O\000N\000D\000i\000s\000a\000b\000l\000e\000\050\000\051}{subsection.4.20.2}% 171
\BOOKMARK [3][-]{subsubsection.4.20.2.21}{\376\377\0004\000.\0002\0000\000.\0002\000.\0002\0001\000\040\000I\000O\000C\000O\000N\000E\000n\000a\000b\000l\000e\000\050\000\051}{subsection.4.20.2}% 172
\BOOKMARK [2][-]{subsection.4.20.3}{\376\377\0004\000.\0002\0000\000.\0003\000\040\000V\000a\000r\000i\000a\000b\000l\000e\000\040\000D\000o\000c\000u\000m\000e\000n\000t\000a\000t\000i\000o\000n}{section.4.20}% 173
\BOOKMARK [3][-]{subsubsection.4.20.3.1}{\376\377\0004\000.\0002\0000\000.\0003\000.\0001\000\040\000o\000f\000f\000s\000e\000t}{subsection.4.20.3}% 174
\BOOKMARK [1][-]{section.4.21}{\376\377\0004\000.\0002\0001\000\040\000s\000o\000u\000r\000c\000e\000/\000G\000P\000I\000O\000\137\000S\000W\000.\000c\000\040\000F\000i\000l\000e\000\040\000R\000e\000f\000e\000r\000e\000n\000c\000e}{chapter.4}% 175
\BOOKMARK [2][-]{subsection.4.21.1}{\376\377\0004\000.\0002\0001\000.\0001\000\040\000D\000e\000t\000a\000i\000l\000e\000d\000\040\000D\000e\000s\000c\000r\000i\000p\000t\000i\000o\000n}{section.4.21}% 176
\BOOKMARK [2][-]{subsection.4.21.2}{\376\377\0004\000.\0002\0001\000.\0002\000\040\000F\000u\000n\000c\000t\000i\000o\000n\000\040\000D\000o\000c\000u\000m\000e\000n\000t\000a\000t\000i\000o\000n}{section.4.21}% 177
\BOOKMARK [3][-]{subsubsection.4.21.2.1}{\376\377\0004\000.\0002\0001\000.\0002\000.\0001\000\040\000G\000e\000t\000I\000n\000p\000u\000t\000\050\000\051}{subsection.4.21.2}% 178
\BOOKMARK [3][-]{subsubsection.4.21.2.2}{\376\377\0004\000.\0002\0001\000.\0002\000.\0002\000\040\000G\000e\000t\000U\000s\000e\000r\000K\000E\000Y\000\050\000\051}{subsection.4.21.2}% 179
\BOOKMARK [1][-]{section.4.22}{\376\377\0004\000.\0002\0002\000\040\000s\000o\000u\000r\000c\000e\000/\000m\000t\000b\000.\000c\000\040\000F\000i\000l\000e\000\040\000R\000e\000f\000e\000r\000e\000n\000c\000e}{chapter.4}% 180
\BOOKMARK [2][-]{subsection.4.22.1}{\376\377\0004\000.\0002\0002\000.\0001\000\040\000D\000e\000t\000a\000i\000l\000e\000d\000\040\000D\000e\000s\000c\000r\000i\000p\000t\000i\000o\000n}{section.4.22}% 181
\BOOKMARK [1][-]{section.4.23}{\376\377\0004\000.\0002\0003\000\040\000s\000o\000u\000r\000c\000e\000/\000S\000w\000i\000t\000c\000h\000M\000a\000t\000r\000i\000x\000\137\000F\000W\000.\000c\000\040\000F\000i\000l\000e\000\040\000R\000e\000f\000e\000r\000e\000n\000c\000e}{chapter.4}% 182
\BOOKMARK [2][-]{subsection.4.23.1}{\376\377\0004\000.\0002\0003\000.\0001\000\040\000D\000e\000t\000a\000i\000l\000e\000d\000\040\000D\000e\000s\000c\000r\000i\000p\000t\000i\000o\000n}{section.4.23}% 183
\BOOKMARK [2][-]{subsection.4.23.2}{\376\377\0004\000.\0002\0003\000.\0002\000\040\000F\000u\000n\000c\000t\000i\000o\000n\000\040\000D\000o\000c\000u\000m\000e\000n\000t\000a\000t\000i\000o\000n}{section.4.23}% 184
\BOOKMARK [3][-]{subsubsection.4.23.2.1}{\376\377\0004\000.\0002\0003\000.\0002\000.\0001\000\040\000S\000W\000M\000\050\000\051}{subsection.4.23.2}% 185
\BOOKMARK [3][-]{subsubsection.4.23.2.2}{\376\377\0004\000.\0002\0003\000.\0002\000.\0002\000\040\000S\000W\000M\000\137\000D\000i\000s\000a\000b\000l\000e\000\050\000\051}{subsection.4.23.2}% 186
\BOOKMARK [3][-]{subsubsection.4.23.2.3}{\376\377\0004\000.\0002\0003\000.\0002\000.\0003\000\040\000S\000W\000M\000\137\000E\000n\000a\000b\000l\000e\000\050\000\051}{subsection.4.23.2}% 187
\BOOKMARK [3][-]{subsubsection.4.23.2.4}{\376\377\0004\000.\0002\0003\000.\0002\000.\0004\000\040\000S\000W\000M\000\137\000P\000i\000n\000E\000n\000a\000b\000l\000e\000\050\000\051}{subsection.4.23.2}% 188
\BOOKMARK [1][-]{section.4.24}{\376\377\0004\000.\0002\0004\000\040\000s\000o\000u\000r\000c\000e\000/\000S\000Y\000S\000C\000O\000N\000\137\000F\000W\000.\000c\000\040\000F\000i\000l\000e\000\040\000R\000e\000f\000e\000r\000e\000n\000c\000e}{chapter.4}% 189
\BOOKMARK [2][-]{subsection.4.24.1}{\376\377\0004\000.\0002\0004\000.\0001\000\040\000D\000e\000t\000a\000i\000l\000e\000d\000\040\000D\000e\000s\000c\000r\000i\000p\000t\000i\000o\000n}{section.4.24}% 190
\BOOKMARK [2][-]{subsection.4.24.2}{\376\377\0004\000.\0002\0004\000.\0002\000\040\000F\000u\000n\000c\000t\000i\000o\000n\000\040\000D\000o\000c\000u\000m\000e\000n\000t\000a\000t\000i\000o\000n}{section.4.24}% 191
\BOOKMARK [3][-]{subsubsection.4.24.2.1}{\376\377\0004\000.\0002\0004\000.\0002\000.\0001\000\040\000B\000o\000a\000r\000d\000C\000l\000o\000c\000k\000R\000U\000N\000\050\000\051}{subsection.4.24.2}% 192
\BOOKMARK [1][-]{section.4.25}{\376\377\0004\000.\0002\0005\000\040\000s\000o\000u\000r\000c\000e\000/\000S\000y\000s\000T\000i\000c\000k\000\137\000F\000W\000.\000c\000\040\000F\000i\000l\000e\000\040\000R\000e\000f\000e\000r\000e\000n\000c\000e}{chapter.4}% 193
\BOOKMARK [2][-]{subsection.4.25.1}{\376\377\0004\000.\0002\0005\000.\0001\000\040\000D\000e\000t\000a\000i\000l\000e\000d\000\040\000D\000e\000s\000c\000r\000i\000p\000t\000i\000o\000n}{section.4.25}% 194
\BOOKMARK [2][-]{subsection.4.25.2}{\376\377\0004\000.\0002\0005\000.\0002\000\040\000F\000u\000n\000c\000t\000i\000o\000n\000\040\000D\000o\000c\000u\000m\000e\000n\000t\000a\000t\000i\000o\000n}{section.4.25}% 195
\BOOKMARK [3][-]{subsubsection.4.25.2.1}{\376\377\0004\000.\0002\0005\000.\0002\000.\0001\000\040\000S\000y\000s\000T\000i\000c\000k\000\137\000H\000a\000n\000d\000l\000e\000r\000\050\000\051}{subsection.4.25.2}% 196
\BOOKMARK [3][-]{subsubsection.4.25.2.2}{\376\377\0004\000.\0002\0005\000.\0002\000.\0002\000\040\000S\000y\000s\000T\000i\000c\000k\000\137\000I\000n\000i\000t\000\050\000\051}{subsection.4.25.2}% 197
\BOOKMARK [3][-]{subsubsection.4.25.2.3}{\376\377\0004\000.\0002\0005\000.\0002\000.\0003\000\040\000S\000y\000s\000T\000i\000c\000k\000\137\000O\000f\000f\000\050\000\051}{subsection.4.25.2}% 198
\BOOKMARK [3][-]{subsubsection.4.25.2.4}{\376\377\0004\000.\0002\0005\000.\0002\000.\0004\000\040\000S\000y\000s\000T\000i\000c\000k\000\137\000S\000e\000t\000\050\000\051}{subsection.4.25.2}% 199
\BOOKMARK [2][-]{subsection.4.25.3}{\376\377\0004\000.\0002\0005\000.\0003\000\040\000V\000a\000r\000i\000a\000b\000l\000e\000\040\000D\000o\000c\000u\000m\000e\000n\000t\000a\000t\000i\000o\000n}{section.4.25}% 200
\BOOKMARK [3][-]{subsubsection.4.25.3.1}{\376\377\0004\000.\0002\0005\000.\0003\000.\0001\000\040\000t\000i\000c\000k}{subsection.4.25.3}% 201
\BOOKMARK [0][-]{section*.57}{\376\377\000I\000n\000d\000e\000x}{}% 202
